This file contains any messages produced by compilers while
running configure, to aid debugging if configure makes a mistake.

It was created by PhyML configure 20110815, which was
generated by GNU Autoconf 2.61.  Invocation command line was

  $ ./configure 

## --------- ##
## Platform. ##
## --------- ##

hostname = tarquin.bozo.anu.edu.au
uname -m = i386
uname -r = 10.8.0
uname -s = Darwin
uname -v = Darwin Kernel Version 10.8.0: Tue Jun  7 16:33:36 PDT 2011; root:xnu-1504.15.3~1/RELEASE_I386

/usr/bin/uname -p = i386
/bin/uname -X     = unknown

/bin/arch              = unknown
/usr/bin/arch -k       = unknown
/usr/convex/getsysinfo = unknown
/usr/bin/hostinfo      = Mach kernel version:
	 Darwin Kernel Version 10.8.0: Tue Jun  7 16:33:36 PDT 2011; root:xnu-1504.15.3~1/RELEASE_I386
Kernel configured for up to 16 processors.
8 processors are physically available.
16 processors are logically available.
Processor type: i486 (Intel 80486)
Processors active: 0 1 2 3 4 5 6 7 8 9 10 11 12 13 14 15
Primary memory available: 12.00 gigabytes
Default processor set: 90 tasks, 543 threads, 16 processors
Load average: 2.30, Mach factor: 13.69
/bin/machine           = unknown
/usr/bin/oslevel       = unknown
/bin/universe          = unknown

PATH: /Library/Frameworks/Python.framework/Versions/2.7/bin
PATH: /sw/bin
PATH: /sw/sbin
PATH: /Library/Frameworks/Python.framework/Versions/Current/bin
PATH: /Library/Frameworks/Python.framework/Versions/Current/bin
PATH: /usr/bin
PATH: /bin
PATH: /usr/sbin
PATH: /sbin
PATH: /usr/local/bin
PATH: /usr/local/git/bin
PATH: /usr/X11/bin
PATH: /usr/X11R6/bin


## ----------- ##
## Core tests. ##
## ----------- ##

configure:1807: checking for a BSD-compatible install
configure:1863: result: /usr/bin/install -c
configure:1874: checking whether build environment is sane
configure:1917: result: yes
configure:1945: checking for a thread-safe mkdir -p
configure:1984: result: ./install-sh -c -d
configure:1997: checking for gawk
configure:2027: result: no
configure:1997: checking for mawk
configure:2027: result: no
configure:1997: checking for nawk
configure:2027: result: no
configure:1997: checking for awk
configure:2013: found /usr/bin/awk
configure:2024: result: awk
configure:2035: checking whether make sets $(MAKE)
configure:2056: result: yes
configure:2250: checking build system type
configure:2268: result: i386-apple-darwin10.8.0
configure:2290: checking host system type
configure:2305: result: i386-apple-darwin10.8.0
configure:2377: checking for gcc
configure:2393: found /usr/bin/gcc
configure:2404: result: gcc
configure:2642: checking for C compiler version
configure:2649: gcc --version >&5
i686-apple-darwin10-gcc-4.2.1 (GCC) 4.2.1 (Apple Inc. build 5664)
Copyright (C) 2007 Free Software Foundation, Inc.
This is free software; see the source for copying conditions.  There is NO
warranty; not even for MERCHANTABILITY or FITNESS FOR A PARTICULAR PURPOSE.

configure:2652: $? = 0
configure:2659: gcc -v >&5
Using built-in specs.
Target: i686-apple-darwin10
Configured with: /var/tmp/gcc/gcc-5664~89/src/configure --disable-checking --enable-werror --prefix=/usr --mandir=/share/man --enable-languages=c,objc,c++,obj-c++ --program-transform-name=/^[cg][^.-]*$/s/$/-4.2/ --with-slibdir=/usr/lib --build=i686-apple-darwin10 --program-prefix=i686-apple-darwin10- --host=x86_64-apple-darwin10 --target=i686-apple-darwin10 --with-gxx-include-dir=/include/c++/4.2.1
Thread model: posix
gcc version 4.2.1 (Apple Inc. build 5664)
configure:2662: $? = 0
configure:2669: gcc -V >&5
gcc-4.2: argument to `-V' is missing
configure:2672: $? = 1
configure:2695: checking for C compiler default output file name
configure:2722: gcc    conftest.c  >&5
configure:2725: $? = 0
configure:2763: result: a.out
configure:2780: checking whether the C compiler works
configure:2790: ./a.out
configure:2793: $? = 0
configure:2810: result: yes
configure:2817: checking whether we are cross compiling
configure:2819: result: no
configure:2822: checking for suffix of executables
configure:2829: gcc -o conftest    conftest.c  >&5
configure:2832: $? = 0
configure:2856: result: 
configure:2862: checking for suffix of object files
configure:2888: gcc -c   conftest.c >&5
configure:2891: $? = 0
configure:2914: result: o
configure:2918: checking whether we are using the GNU C compiler
configure:2947: gcc -c   conftest.c >&5
configure:2953: $? = 0
configure:2970: result: yes
configure:2975: checking whether gcc accepts -g
configure:3005: gcc -c -g  conftest.c >&5
configure:3011: $? = 0
configure:3110: result: yes
configure:3127: checking for gcc option to accept ISO C89
configure:3201: gcc  -c -g -O2  conftest.c >&5
configure:3207: $? = 0
configure:3230: result: none needed
configure:3259: checking for style of include used by make
configure:3287: result: GNU
configure:3312: checking dependency style of gcc
configure:3403: result: gcc3
configure:3422: checking for log in -lm
configure:3457: gcc -o conftest -g -O2   conftest.c -lm   >&5
conftest.c:17: warning: conflicting types for built-in function 'log'
configure:3463: $? = 0
configure:3481: result: yes
configure:3499: checking how to run the C preprocessor
configure:3539: gcc -E  conftest.c
configure:3545: $? = 0
configure:3576: gcc -E  conftest.c
conftest.c:11:28: error: ac_nonexistent.h: No such file or directory
configure:3582: $? = 1
configure: failed program was:
| /* confdefs.h.  */
| #define PACKAGE_NAME "PhyML"
| #define PACKAGE_TARNAME "phyml"
| #define PACKAGE_VERSION "20110815"
| #define PACKAGE_STRING "PhyML 20110815"
| #define PACKAGE_BUGREPORT "guindon@stat.auckland.ac.nz"
| #define PACKAGE "phyml"
| #define VERSION "20110815"
| #define HAVE_LIBM 1
| /* end confdefs.h.  */
| #include <ac_nonexistent.h>
configure:3615: result: gcc -E
configure:3644: gcc -E  conftest.c
configure:3650: $? = 0
configure:3681: gcc -E  conftest.c
conftest.c:11:28: error: ac_nonexistent.h: No such file or directory
configure:3687: $? = 1
configure: failed program was:
| /* confdefs.h.  */
| #define PACKAGE_NAME "PhyML"
| #define PACKAGE_TARNAME "phyml"
| #define PACKAGE_VERSION "20110815"
| #define PACKAGE_STRING "PhyML 20110815"
| #define PACKAGE_BUGREPORT "guindon@stat.auckland.ac.nz"
| #define PACKAGE "phyml"
| #define VERSION "20110815"
| #define HAVE_LIBM 1
| /* end confdefs.h.  */
| #include <ac_nonexistent.h>
configure:3725: checking for grep that handles long lines and -e
configure:3799: result: /usr/bin/grep
configure:3804: checking for egrep
configure:3882: result: /usr/bin/grep -E
configure:3887: checking for ANSI C header files
configure:3917: gcc -c -g -O2  conftest.c >&5
configure:3923: $? = 0
configure:4022: gcc -o conftest -g -O2   conftest.c -lm  >&5
configure:4025: $? = 0
configure:4031: ./conftest
configure:4034: $? = 0
configure:4051: result: yes
configure:4075: checking for sys/types.h
configure:4096: gcc -c -g -O2  conftest.c >&5
configure:4102: $? = 0
configure:4118: result: yes
configure:4075: checking for sys/stat.h
configure:4096: gcc -c -g -O2  conftest.c >&5
configure:4102: $? = 0
configure:4118: result: yes
configure:4075: checking for stdlib.h
configure:4096: gcc -c -g -O2  conftest.c >&5
configure:4102: $? = 0
configure:4118: result: yes
configure:4075: checking for string.h
configure:4096: gcc -c -g -O2  conftest.c >&5
configure:4102: $? = 0
configure:4118: result: yes
configure:4075: checking for memory.h
configure:4096: gcc -c -g -O2  conftest.c >&5
configure:4102: $? = 0
configure:4118: result: yes
configure:4075: checking for strings.h
configure:4096: gcc -c -g -O2  conftest.c >&5
configure:4102: $? = 0
configure:4118: result: yes
configure:4075: checking for inttypes.h
configure:4096: gcc -c -g -O2  conftest.c >&5
configure:4102: $? = 0
configure:4118: result: yes
configure:4075: checking for stdint.h
configure:4096: gcc -c -g -O2  conftest.c >&5
configure:4102: $? = 0
configure:4118: result: yes
configure:4075: checking for unistd.h
configure:4096: gcc -c -g -O2  conftest.c >&5
configure:4102: $? = 0
configure:4118: result: yes
configure:4148: checking float.h usability
configure:4165: gcc -c -g -O2  conftest.c >&5
configure:4171: $? = 0
configure:4185: result: yes
configure:4189: checking float.h presence
configure:4204: gcc -E  conftest.c
configure:4210: $? = 0
configure:4224: result: yes
configure:4257: checking for float.h
configure:4265: result: yes
configure:4138: checking for stdlib.h
configure:4144: result: yes
configure:4138: checking for string.h
configure:4144: result: yes
configure:4138: checking for unistd.h
configure:4144: result: yes
configure:4280: checking for an ANSI C-conforming const
configure:4355: gcc -c -g -O2  conftest.c >&5
configure:4361: $? = 0
configure:4376: result: yes
configure:4386: checking for inline
configure:4412: gcc -c -g -O2  conftest.c >&5
configure:4418: $? = 0
configure:4436: result: inline
configure:4455: checking for size_t
configure:4485: gcc -c -g -O2  conftest.c >&5
configure:4491: $? = 0
configure:4506: result: yes
configure:4525: checking for stdlib.h
configure:4531: result: yes
configure:4665: checking for GNU libc compatible malloc
configure:4699: gcc -o conftest -g -O2   conftest.c -lm  >&5
configure:4702: $? = 0
configure:4708: ./conftest
configure:4711: $? = 0
configure:4727: result: yes
configure:4760: checking for stdlib.h
configure:4766: result: yes
configure:4900: checking for GNU libc compatible realloc
configure:4934: gcc -o conftest -g -O2   conftest.c -lm  >&5
configure:4937: $? = 0
configure:4943: ./conftest
configure:4946: $? = 0
configure:4962: result: yes
configure:4990: checking for function prototypes
configure:4993: result: yes
configure:5010: checking whether setvbuf arguments are reversed
configure:5040: gcc -o conftest -g -O2   conftest.c -lm  >&5
conftest.c:33: error: conflicting types for 'setvbuf'
/usr/include/stdio.h:290: error: previous declaration of 'setvbuf' was here
configure:5046: $? = 1
configure: failed program was:
| /* confdefs.h.  */
| #define PACKAGE_NAME "PhyML"
| #define PACKAGE_TARNAME "phyml"
| #define PACKAGE_VERSION "20110815"
| #define PACKAGE_STRING "PhyML 20110815"
| #define PACKAGE_BUGREPORT "guindon@stat.auckland.ac.nz"
| #define PACKAGE "phyml"
| #define VERSION "20110815"
| #define HAVE_LIBM 1
| #define STDC_HEADERS 1
| #define HAVE_SYS_TYPES_H 1
| #define HAVE_SYS_STAT_H 1
| #define HAVE_STDLIB_H 1
| #define HAVE_STRING_H 1
| #define HAVE_MEMORY_H 1
| #define HAVE_STRINGS_H 1
| #define HAVE_INTTYPES_H 1
| #define HAVE_STDINT_H 1
| #define HAVE_UNISTD_H 1
| #define HAVE_FLOAT_H 1
| #define HAVE_STDLIB_H 1
| #define HAVE_STRING_H 1
| #define HAVE_UNISTD_H 1
| #define HAVE_STDLIB_H 1
| #define HAVE_MALLOC 1
| #define HAVE_STDLIB_H 1
| #define HAVE_REALLOC 1
| #define PROTOTYPES 1
| #define __PROTOTYPES 1
| /* end confdefs.h.  */
| #include <stdio.h>
| #	  ifdef PROTOTYPES
| 	   int (setvbuf) (FILE *, int, char *, size_t);
| #	  endif
| int
| main ()
| {
| char buf; return setvbuf (stdout, _IOLBF, &buf, 1);
|   ;
|   return 0;
| }
configure:5167: result: no
configure:5181: checking for vprintf
configure:5237: gcc -o conftest -g -O2   conftest.c -lm  >&5
conftest.c:54: warning: conflicting types for built-in function 'vprintf'
configure:5243: $? = 0
configure:5261: result: yes
configure:5268: checking for _doprnt
configure:5324: gcc -o conftest -g -O2   conftest.c -lm  >&5
Undefined symbols:
  "__doprnt", referenced from:
      _main in ccF3Wxyf.o
ld: symbol(s) not found
collect2: ld returned 1 exit status
configure:5330: $? = 1
configure: failed program was:
| /* confdefs.h.  */
| #define PACKAGE_NAME "PhyML"
| #define PACKAGE_TARNAME "phyml"
| #define PACKAGE_VERSION "20110815"
| #define PACKAGE_STRING "PhyML 20110815"
| #define PACKAGE_BUGREPORT "guindon@stat.auckland.ac.nz"
| #define PACKAGE "phyml"
| #define VERSION "20110815"
| #define HAVE_LIBM 1
| #define STDC_HEADERS 1
| #define HAVE_SYS_TYPES_H 1
| #define HAVE_SYS_STAT_H 1
| #define HAVE_STDLIB_H 1
| #define HAVE_STRING_H 1
| #define HAVE_MEMORY_H 1
| #define HAVE_STRINGS_H 1
| #define HAVE_INTTYPES_H 1
| #define HAVE_STDINT_H 1
| #define HAVE_UNISTD_H 1
| #define HAVE_FLOAT_H 1
| #define HAVE_STDLIB_H 1
| #define HAVE_STRING_H 1
| #define HAVE_UNISTD_H 1
| #define HAVE_STDLIB_H 1
| #define HAVE_MALLOC 1
| #define HAVE_STDLIB_H 1
| #define HAVE_REALLOC 1
| #define PROTOTYPES 1
| #define __PROTOTYPES 1
| #define HAVE_VPRINTF 1
| /* end confdefs.h.  */
| /* Define _doprnt to an innocuous variant, in case <limits.h> declares _doprnt.
|    For example, HP-UX 11i <limits.h> declares gettimeofday.  */
| #define _doprnt innocuous__doprnt
| 
| /* System header to define __stub macros and hopefully few prototypes,
|     which can conflict with char _doprnt (); below.
|     Prefer <limits.h> to <assert.h> if __STDC__ is defined, since
|     <limits.h> exists even on freestanding compilers.  */
| 
| #ifdef __STDC__
| # include <limits.h>
| #else
| # include <assert.h>
| #endif
| 
| #undef _doprnt
| 
| /* Override any GCC internal prototype to avoid an error.
|    Use char because int might match the return type of a GCC
|    builtin and then its argument prototype would still apply.  */
| #ifdef __cplusplus
| extern "C"
| #endif
| char _doprnt ();
| /* The GNU C library defines this for functions which it implements
|     to always fail with ENOSYS.  Some functions are actually named
|     something starting with __ and the normal name is an alias.  */
| #if defined __stub__doprnt || defined __stub____doprnt
| choke me
| #endif
| 
| int
| main ()
| {
| return _doprnt ();
|   ;
|   return 0;
| }
configure:5347: result: no
configure:5370: checking for floor
configure:5426: gcc -o conftest -g -O2   conftest.c -lm  >&5
conftest.c:55: warning: conflicting types for built-in function 'floor'
configure:5432: $? = 0
configure:5450: result: yes
configure:5370: checking for pow
configure:5426: gcc -o conftest -g -O2   conftest.c -lm  >&5
conftest.c:56: warning: conflicting types for built-in function 'pow'
configure:5432: $? = 0
configure:5450: result: yes
configure:5370: checking for rint
configure:5426: gcc -o conftest -g -O2   conftest.c -lm  >&5
conftest.c:57: warning: conflicting types for built-in function 'rint'
configure:5432: $? = 0
configure:5450: result: yes
configure:5370: checking for sqrt
configure:5426: gcc -o conftest -g -O2   conftest.c -lm  >&5
conftest.c:58: warning: conflicting types for built-in function 'sqrt'
configure:5432: $? = 0
configure:5450: result: yes
configure:5370: checking for strchr
configure:5426: gcc -o conftest -g -O2   conftest.c -lm  >&5
conftest.c:59: warning: conflicting types for built-in function 'strchr'
configure:5432: $? = 0
configure:5450: result: yes
configure:5370: checking for strstr
configure:5426: gcc -o conftest -g -O2   conftest.c -lm  >&5
conftest.c:60: warning: conflicting types for built-in function 'strstr'
configure:5432: $? = 0
configure:5450: result: yes
configure:5717: creating ./config.status

## ---------------------- ##
## Running config.status. ##
## ---------------------- ##

This file was extended by PhyML config.status 20110815, which was
generated by GNU Autoconf 2.61.  Invocation command line was

  CONFIG_FILES    = 
  CONFIG_HEADERS  = 
  CONFIG_LINKS    = 
  CONFIG_COMMANDS = 
  $ ./config.status 

on tarquin.bozo.anu.edu.au

config.status:659: creating Makefile
config.status:659: creating src/Makefile
config.status:659: creating config.h
config.status:903: config.h is unchanged
config.status:949: executing depfiles commands

## ---------------- ##
## Cache variables. ##
## ---------------- ##

ac_cv_build=i386-apple-darwin10.8.0
ac_cv_c_compiler_gnu=yes
ac_cv_c_const=yes
ac_cv_c_inline=inline
ac_cv_env_CC_set=
ac_cv_env_CC_value=
ac_cv_env_CFLAGS_set=
ac_cv_env_CFLAGS_value=
ac_cv_env_CPPFLAGS_set=
ac_cv_env_CPPFLAGS_value=
ac_cv_env_CPP_set=
ac_cv_env_CPP_value=
ac_cv_env_LDFLAGS_set=
ac_cv_env_LDFLAGS_value=
ac_cv_env_LIBS_set=
ac_cv_env_LIBS_value=
ac_cv_env_build_alias_set=
ac_cv_env_build_alias_value=
ac_cv_env_host_alias_set=
ac_cv_env_host_alias_value=
ac_cv_env_target_alias_set=
ac_cv_env_target_alias_value=
ac_cv_func__doprnt=no
ac_cv_func_floor=yes
ac_cv_func_malloc_0_nonnull=yes
ac_cv_func_pow=yes
ac_cv_func_realloc_0_nonnull=yes
ac_cv_func_rint=yes
ac_cv_func_setvbuf_reversed=no
ac_cv_func_sqrt=yes
ac_cv_func_strchr=yes
ac_cv_func_strstr=yes
ac_cv_func_vprintf=yes
ac_cv_header_float_h=yes
ac_cv_header_inttypes_h=yes
ac_cv_header_memory_h=yes
ac_cv_header_stdc=yes
ac_cv_header_stdint_h=yes
ac_cv_header_stdlib_h=yes
ac_cv_header_string_h=yes
ac_cv_header_strings_h=yes
ac_cv_header_sys_stat_h=yes
ac_cv_header_sys_types_h=yes
ac_cv_header_unistd_h=yes
ac_cv_host=i386-apple-darwin10.8.0
ac_cv_lib_m_log=yes
ac_cv_objext=o
ac_cv_path_EGREP='/usr/bin/grep -E'
ac_cv_path_GREP=/usr/bin/grep
ac_cv_path_install='/usr/bin/install -c'
ac_cv_prog_AWK=awk
ac_cv_prog_CPP='gcc -E'
ac_cv_prog_ac_ct_CC=gcc
ac_cv_prog_cc_c89=
ac_cv_prog_cc_g=yes
ac_cv_prog_make_make_set=yes
ac_cv_type_size_t=yes
am_cv_CC_dependencies_compiler_type=gcc3

## ----------------- ##
## Output variables. ##
## ----------------- ##

ACLOCAL='${SHELL} /Users/Rob/Dropbox/Current_work/phyml-read-only/missing --run aclocal-1.10'
AMDEPBACKSLASH='\'
AMDEP_FALSE='#'
AMDEP_TRUE=''
AMTAR='${SHELL} /Users/Rob/Dropbox/Current_work/phyml-read-only/missing --run tar'
AUTOCONF='${SHELL} /Users/Rob/Dropbox/Current_work/phyml-read-only/missing --run autoconf'
AUTOHEADER='${SHELL} /Users/Rob/Dropbox/Current_work/phyml-read-only/missing --run autoheader'
AUTOMAKE='${SHELL} /Users/Rob/Dropbox/Current_work/phyml-read-only/missing --run automake-1.10'
AWK='awk'
CC='gcc'
CCDEPMODE='depmode=gcc3'
CFLAGS='-O3 -fomit-frame-pointer -funroll-loops -Wall -arch x86_64 -mmacosx-version-min=10.4'
CPP='gcc -E'
CPPFLAGS=''
CYGPATH_W='echo'
DEFS='-DHAVE_CONFIG_H'
DEPDIR='.deps'
ECHO_C='ECHO_N=''
ECHO_T=''
EGREP='/usr/bin/grep -E'
EXEEXT=''
GREP='/usr/bin/grep'
INSTALL_DATA='${INSTALL} -m 644'
INSTALL_PROGRAM='${INSTALL}'
INSTALL_SCRIPT='${INSTALL}'
INSTALL_STRIP_PROGRAM='$(install_sh) -c -s'
LDFLAGS='-arch x86_64 -mmacosx-version-min=10.4'
LIBOBJS=''
LIBS='-lm '
LTLIBOBJS=''
MAKEINFO='${SHELL} /Users/Rob/Dropbox/Current_work/phyml-read-only/missing --run makeinfo'
OBJEXT='o'
PACKAGE='phyml'
PACKAGE_BUGREPORT='guindon@stat.auckland.ac.nz'
PACKAGE_NAME='PhyML'
PACKAGE_STRING='PhyML 20110815'
PACKAGE_TARNAME='phyml'
PACKAGE_VERSION='20110815'
PATH_SEPARATOR=':'
SET_MAKE=''
SHELL='/bin/sh'
STRIP=''
VERSION='20110815'
WANT_M4_FALSE=''
WANT_M4_TRUE='#'
WANT_PART_FALSE=''
WANT_PART_TRUE='#'
WANT_PHYCONT_FALSE=''
WANT_PHYCONT_TRUE='#'
WANT_PHYTIME_FALSE=''
WANT_PHYTIME_TRUE='#'
WANT_RWRAP_FALSE=''
WANT_RWRAP_TRUE='#'
WANT_TIPORDER_FALSE=''
WANT_TIPORDER_TRUE='#'
ac_ct_CC='gcc'
am__fastdepCC_FALSE='#'
am__fastdepCC_TRUE=''
am__include='include'
am__isrc=''
am__leading_dot='.'
am__quote=''
am__tar='${AMTAR} chof - "$$tardir"'
am__untar='${AMTAR} xf -'
bindir='${exec_prefix}/bin'
build='i386-apple-darwin10.8.0'
build_alias=''
build_cpu='i386'
build_os='darwin10.8.0'
build_vendor='apple'
datadir='${datarootdir}'
datarootdir='${prefix}/share'
docdir='${datarootdir}/doc/${PACKAGE_TARNAME}'
dvidir='${docdir}'
exec_prefix='${prefix}'
host='i386-apple-darwin10.8.0'
host_alias=''
host_cpu='i386'
host_os='darwin10.8.0'
host_vendor='apple'
htmldir='${docdir}'
includedir='${prefix}/include'
infodir='${datarootdir}/info'
install_sh='$(SHELL) /Users/Rob/Dropbox/Current_work/phyml-read-only/install-sh'
libdir='${exec_prefix}/lib'
libexecdir='${exec_prefix}/libexec'
localedir='${datarootdir}/locale'
localstatedir='${prefix}/var'
mandir='${datarootdir}/man'
mkdir_p='$(top_builddir)/./install-sh -c -d'
oldincludedir='/usr/include'
pdfdir='${docdir}'
prefix='/usr/local'
program_transform_name='s,x,x,'
psdir='${docdir}'
sbindir='${exec_prefix}/sbin'
sharedstatedir='${prefix}/com'
sysconfdir='${prefix}/etc'
target_alias=''

## ----------- ##
## confdefs.h. ##
## ----------- ##

#define PACKAGE_NAME "PhyML"
#define PACKAGE_TARNAME "phyml"
#define PACKAGE_VERSION "20110815"
#define PACKAGE_STRING "PhyML 20110815"
#define PACKAGE_BUGREPORT "guindon@stat.auckland.ac.nz"
#define PACKAGE "phyml"
#define VERSION "20110815"
#define HAVE_LIBM 1
#define STDC_HEADERS 1
#define HAVE_SYS_TYPES_H 1
#define HAVE_SYS_STAT_H 1
#define HAVE_STDLIB_H 1
#define HAVE_STRING_H 1
#define HAVE_MEMORY_H 1
#define HAVE_STRINGS_H 1
#define HAVE_INTTYPES_H 1
#define HAVE_STDINT_H 1
#define HAVE_UNISTD_H 1
#define HAVE_FLOAT_H 1
#define HAVE_STDLIB_H 1
#define HAVE_STRING_H 1
#define HAVE_UNISTD_H 1
#define HAVE_STDLIB_H 1
#define HAVE_MALLOC 1
#define HAVE_STDLIB_H 1
#define HAVE_REALLOC 1
#define PROTOTYPES 1
#define __PROTOTYPES 1
#define HAVE_VPRINTF 1
#define HAVE_FLOOR 1
#define HAVE_POW 1
#define HAVE_RINT 1
#define HAVE_SQRT 1
#define HAVE_STRCHR 1
#define HAVE_STRSTR 1

configure: exit 0

## ---------------------- ##
## Running config.status. ##
## ---------------------- ##

This file was extended by PhyML config.status 20110815, which was
generated by GNU Autoconf 2.61.  Invocation command line was

  CONFIG_FILES    = 
  CONFIG_HEADERS  = 
  CONFIG_LINKS    = 
  CONFIG_COMMANDS = 
  $ ./config.status config.h

on tarquin.bozo.anu.edu.au

config.status:659: creating config.h
config.status:903: config.h is unchanged
